Performing C SOURCE FILE Test CMAKE_HAVE_LIBC_PTHREAD failed with the following output:
Change Dir: /mnt/d/prayforthatshit/ivs/ivs_project_1_2021/assignment/CMakeFiles/CMakeTmp

Run Build Command(s):/usr/bin/make cmTC_c238c/fast && /usr/bin/make -f CMakeFiles/cmTC_c238c.dir/build.make CMakeFiles/cmTC_c238c.dir/build
make[1]: Entering directory '/mnt/d/prayforthatshit/ivs/ivs_project_1_2021/assignment/CMakeFiles/CMakeTmp'
Building C object CMakeFiles/cmTC_c238c.dir/src.c.o
/usr/bin/cc   -g -O0 -fprofile-arcs -ftest-coverage -DCMAKE_HAVE_LIBC_PTHREAD   -o CMakeFiles/cmTC_c238c.dir/src.c.o   -c /mnt/d/prayforthatshit/ivs/ivs_project_1_2021/assignment/CMakeFiles/CMakeTmp/src.c
Linking C executable cmTC_c238c
/usr/bin/cmake -E cmake_link_script CMakeFiles/cmTC_c238c.dir/link.txt --verbose=1
/usr/bin/cc  -g -O0 -fprofile-arcs -ftest-coverage -DCMAKE_HAVE_LIBC_PTHREAD    -rdynamic CMakeFiles/cmTC_c238c.dir/src.c.o  -o cmTC_c238c 
/usr/bin/ld: CMakeFiles/cmTC_c238c.dir/src.c.o: in function `main':
/mnt/d/prayforthatshit/ivs/ivs_project_1_2021/assignment/CMakeFiles/CMakeTmp/src.c:11: undefined reference to `pthread_create'
/usr/bin/ld: /mnt/d/prayforthatshit/ivs/ivs_project_1_2021/assignment/CMakeFiles/CMakeTmp/src.c:12: undefined reference to `pthread_detach'
/usr/bin/ld: /mnt/d/prayforthatshit/ivs/ivs_project_1_2021/assignment/CMakeFiles/CMakeTmp/src.c:13: undefined reference to `pthread_join'
collect2: error: ld returned 1 exit status
make[1]: *** [CMakeFiles/cmTC_c238c.dir/build.make:87: cmTC_c238c] Error 1
make[1]: Leaving directory '/mnt/d/prayforthatshit/ivs/ivs_project_1_2021/assignment/CMakeFiles/CMakeTmp'
make: *** [Makefile:121: cmTC_c238c/fast] Error 2


Source file was:
#include <pthread.h>

void* test_func(void* data)
{
  return data;
}

int main(void)
{
  pthread_t thread;
  pthread_create(&thread, NULL, test_func, NULL);
  pthread_detach(thread);
  pthread_join(thread, NULL);
  pthread_atfork(NULL, NULL, NULL);
  pthread_exit(NULL);

  return 0;
}

Determining if the function pthread_create exists in the pthreads failed with the following output:
Change Dir: /mnt/d/prayforthatshit/ivs/ivs_project_1_2021/assignment/CMakeFiles/CMakeTmp

Run Build Command(s):/usr/bin/make cmTC_fcfbf/fast && /usr/bin/make -f CMakeFiles/cmTC_fcfbf.dir/build.make CMakeFiles/cmTC_fcfbf.dir/build
make[1]: Entering directory '/mnt/d/prayforthatshit/ivs/ivs_project_1_2021/assignment/CMakeFiles/CMakeTmp'
Building C object CMakeFiles/cmTC_fcfbf.dir/CheckFunctionExists.c.o
/usr/bin/cc   -g -O0 -fprofile-arcs -ftest-coverage -DCHECK_FUNCTION_EXISTS=pthread_create   -o CMakeFiles/cmTC_fcfbf.dir/CheckFunctionExists.c.o   -c /usr/share/cmake-3.16/Modules/CheckFunctionExists.c
Linking C executable cmTC_fcfbf
/usr/bin/cmake -E cmake_link_script CMakeFiles/cmTC_fcfbf.dir/link.txt --verbose=1
/usr/bin/cc  -g -O0 -fprofile-arcs -ftest-coverage -DCHECK_FUNCTION_EXISTS=pthread_create    -rdynamic CMakeFiles/cmTC_fcfbf.dir/CheckFunctionExists.c.o  -o cmTC_fcfbf  -lpthreads 
/usr/bin/ld: cannot find -lpthreads
collect2: error: ld returned 1 exit status
make[1]: *** [CMakeFiles/cmTC_fcfbf.dir/build.make:87: cmTC_fcfbf] Error 1
make[1]: Leaving directory '/mnt/d/prayforthatshit/ivs/ivs_project_1_2021/assignment/CMakeFiles/CMakeTmp'
make: *** [Makefile:121: cmTC_fcfbf/fast] Error 2



